C:\Program Files (x86)\Microsoft Visual Studio\2019\Community\MSBuild\Microsoft\VC\v160\Microsoft.CppBuild.targets(438,5): warning MSB8004: Output Directory does not end with a trailing slash.  This build instance will add the slash as it is required to allow proper evaluation of the Output Directory.
  PluginSDK.cpp
C:\Users\shvui\source\repos\skarner\SDK\Geometry.h(27,54): warning C4244: 'argument': conversion from 'const float' to 'ClipperLib::cInt', possible loss of data
C:\Users\shvui\source\repos\skarner\SDK\Geometry.h(27,45): warning C4244: 'argument': conversion from 'const float' to 'ClipperLib::cInt', possible loss of data
C:\Users\shvui\source\repos\skarner\SDK\Geometry.h(33,54): warning C4244: 'argument': conversion from 'const float' to 'ClipperLib::cInt', possible loss of data
C:\Users\shvui\source\repos\skarner\SDK\Geometry.h(33,45): warning C4244: 'argument': conversion from 'const float' to 'ClipperLib::cInt', possible loss of data
C:\Users\shvui\source\repos\skarner\SDK\Geometry.h(124,65): warning C4244: 'argument': conversion from 'double' to 'float', possible loss of data
C:\Users\shvui\source\repos\skarner\SDK\Geometry.h(189,17): warning C4244: 'argument': conversion from 'int' to 'float', possible loss of data
C:\Users\shvui\source\repos\skarner\SDK\Geometry.h(192,17): warning C4244: 'argument': conversion from 'int' to 'float', possible loss of data
C:\Users\shvui\source\repos\skarner\SDK\Geometry.h(195,17): warning C4244: 'argument': conversion from 'int' to 'float', possible loss of data
C:\Users\shvui\source\repos\skarner\SDK\Geometry.h(198,17): warning C4244: 'argument': conversion from 'int' to 'float', possible loss of data
C:\Users\shvui\source\repos\skarner\SDK\Geometry.h(317,23): warning C4018: '<': signed/unsigned mismatch
C:\Users\shvui\source\repos\skarner\SDK\Geometry.h(323,29): warning C4018: '<': signed/unsigned mismatch
C:\Users\shvui\source\repos\skarner\SDK\Geometry.h(337,22): warning C4018: '<': signed/unsigned mismatch
C:\Users\shvui\source\repos\skarner\SDK\Geometry.h(425,17): warning C4244: 'initializing': conversion from 'double' to 'int', possible loss of data
C:\Users\shvui\source\repos\skarner\SDK\Geometry.h(427,22): warning C4018: '<=': signed/unsigned mismatch
C:\Users\shvui\source\repos\skarner\SDK\Geometry.h(434,47): warning C4244: 'argument': conversion from 'int' to 'float', possible loss of data
C:\Users\shvui\source\repos\skarner\SDK\Geometry.h(446,38): warning C4244: 'argument': conversion from 'ClipperLib::cInt' to 'float', possible loss of data
C:\Users\shvui\source\repos\skarner\SDK\Geometry.h(446,29): warning C4244: 'argument': conversion from 'ClipperLib::cInt' to 'float', possible loss of data
C:\Program Files (x86)\Microsoft Visual Studio\2019\Community\VC\Tools\MSVC\14.23.28105\include\xmemory(758,103): warning C4244: 'argument': conversion from 'const float' to 'ClipperLib::cInt', possible loss of data
C:\Program Files (x86)\Microsoft Visual Studio\2019\Community\VC\Tools\MSVC\14.23.28105\include\vector(633): message : see reference to function template instantiation 'void std::_Default_allocator_traits<_Alloc>::construct<_Ty,const float&,const float&>(_Alloc &,_Objty *const ,const float &,const float &)' being compiled
C:\Program Files (x86)\Microsoft Visual Studio\2019\Community\VC\Tools\MSVC\14.23.28105\include\vector(633): message :         with
C:\Program Files (x86)\Microsoft Visual Studio\2019\Community\VC\Tools\MSVC\14.23.28105\include\vector(633): message :         [
C:\Program Files (x86)\Microsoft Visual Studio\2019\Community\VC\Tools\MSVC\14.23.28105\include\vector(633): message :             _Alloc=std::allocator<ClipperLib::IntPoint>,
C:\Program Files (x86)\Microsoft Visual Studio\2019\Community\VC\Tools\MSVC\14.23.28105\include\vector(633): message :             _Ty=ClipperLib::IntPoint,
C:\Program Files (x86)\Microsoft Visual Studio\2019\Community\VC\Tools\MSVC\14.23.28105\include\vector(633): message :             _Objty=ClipperLib::IntPoint
C:\Program Files (x86)\Microsoft Visual Studio\2019\Community\VC\Tools\MSVC\14.23.28105\include\vector(633): message :         ]
C:\Program Files (x86)\Microsoft Visual Studio\2019\Community\VC\Tools\MSVC\14.23.28105\include\vector(638): message : see reference to function template instantiation 'void std::_Default_allocator_traits<_Alloc>::construct<_Ty,const float&,const float&>(_Alloc &,_Objty *const ,const float &,const float &)' being compiled
C:\Program Files (x86)\Microsoft Visual Studio\2019\Community\VC\Tools\MSVC\14.23.28105\include\vector(638): message :         with
C:\Program Files (x86)\Microsoft Visual Studio\2019\Community\VC\Tools\MSVC\14.23.28105\include\vector(638): message :         [
C:\Program Files (x86)\Microsoft Visual Studio\2019\Community\VC\Tools\MSVC\14.23.28105\include\vector(638): message :             _Alloc=std::allocator<ClipperLib::IntPoint>,
C:\Program Files (x86)\Microsoft Visual Studio\2019\Community\VC\Tools\MSVC\14.23.28105\include\vector(638): message :             _Ty=ClipperLib::IntPoint,
C:\Program Files (x86)\Microsoft Visual Studio\2019\Community\VC\Tools\MSVC\14.23.28105\include\vector(638): message :             _Objty=ClipperLib::IntPoint
C:\Program Files (x86)\Microsoft Visual Studio\2019\Community\VC\Tools\MSVC\14.23.28105\include\vector(638): message :         ]
C:\Program Files (x86)\Microsoft Visual Studio\2019\Community\VC\Tools\MSVC\14.23.28105\include\vector(651): message : see reference to function template instantiation 'void std::vector<ClipperLib::IntPoint,std::allocator<_Ty>>::_Emplace_back_with_unused_capacity<const float&,const float&>(const float &,const float &)' being compiled
C:\Program Files (x86)\Microsoft Visual Studio\2019\Community\VC\Tools\MSVC\14.23.28105\include\vector(651): message :         with
C:\Program Files (x86)\Microsoft Visual Studio\2019\Community\VC\Tools\MSVC\14.23.28105\include\vector(651): message :         [
C:\Program Files (x86)\Microsoft Visual Studio\2019\Community\VC\Tools\MSVC\14.23.28105\include\vector(651): message :             _Ty=ClipperLib::IntPoint
C:\Program Files (x86)\Microsoft Visual Studio\2019\Community\VC\Tools\MSVC\14.23.28105\include\vector(651): message :         ]
  Vector.cpp
C:\Users\shvui\source\repos\skarner\SDK\Geometry.h(42): message : see reference to function template instantiation 'void std::vector<ClipperLib::IntPoint,std::allocator<_Ty>>::emplace_back<const float&,const float&>(const float &,const float &)' being compiled
C:\Users\shvui\source\repos\skarner\SDK\Geometry.h(42): message :         with
C:\Users\shvui\source\repos\skarner\SDK\Geometry.h(42): message :         [
C:\Users\shvui\source\repos\skarner\SDK\Geometry.h(42): message :             _Ty=ClipperLib::IntPoint
C:\Users\shvui\source\repos\skarner\SDK\Geometry.h(42): message :         ]
C:\Users\shvui\source\repos\skarner\SDK\Geometry.h(27,54): warning C4244: 'argument': conversion from 'const float' to 'ClipperLib::cInt', possible loss of data
C:\Users\shvui\source\repos\skarner\SDK\Geometry.h(27,45): warning C4244: 'argument': conversion from 'const float' to 'ClipperLib::cInt', possible loss of data
C:\Users\shvui\source\repos\skarner\SDK\Geometry.h(33,54): warning C4244: 'argument': conversion from 'const float' to 'ClipperLib::cInt', possible loss of data
C:\Users\shvui\source\repos\skarner\SDK\Geometry.h(33,45): warning C4244: 'argument': conversion from 'const float' to 'ClipperLib::cInt', possible loss of data
C:\Users\shvui\source\repos\skarner\SDK\Geometry.h(124,65): warning C4244: 'argument': conversion from 'double' to 'float', possible loss of data
C:\Users\shvui\source\repos\skarner\SDK\Geometry.h(189,17): warning C4244: 'argument': conversion from 'int' to 'float', possible loss of data
C:\Users\shvui\source\repos\skarner\SDK\Geometry.h(192,17): warning C4244: 'argument': conversion from 'int' to 'float', possible loss of data
C:\Users\shvui\source\repos\skarner\SDK\Geometry.h(195,17): warning C4244: 'argument': conversion from 'int' to 'float', possible loss of data
C:\Users\shvui\source\repos\skarner\SDK\Geometry.h(198,17): warning C4244: 'argument': conversion from 'int' to 'float', possible loss of data
C:\Users\shvui\source\repos\skarner\SDK\Geometry.h(317,23): warning C4018: '<': signed/unsigned mismatch
C:\Users\shvui\source\repos\skarner\SDK\Geometry.h(323,29): warning C4018: '<': signed/unsigned mismatch
C:\Users\shvui\source\repos\skarner\SDK\Geometry.h(337,22): warning C4018: '<': signed/unsigned mismatch
C:\Users\shvui\source\repos\skarner\SDK\Geometry.h(425,17): warning C4244: 'initializing': conversion from 'double' to 'int', possible loss of data
C:\Users\shvui\source\repos\skarner\SDK\Geometry.h(427,22): warning C4018: '<=': signed/unsigned mismatch
C:\Users\shvui\source\repos\skarner\SDK\Geometry.h(434,47): warning C4244: 'argument': conversion from 'int' to 'float', possible loss of data
C:\Users\shvui\source\repos\skarner\SDK\Geometry.h(446,38): warning C4244: 'argument': conversion from 'ClipperLib::cInt' to 'float', possible loss of data
C:\Users\shvui\source\repos\skarner\SDK\Geometry.h(446,29): warning C4244: 'argument': conversion from 'ClipperLib::cInt' to 'float', possible loss of data
C:\Program Files (x86)\Microsoft Visual Studio\2019\Community\VC\Tools\MSVC\14.23.28105\include\xmemory(758,103): warning C4244: 'argument': conversion from 'const float' to 'ClipperLib::cInt', possible loss of data
C:\Program Files (x86)\Microsoft Visual Studio\2019\Community\VC\Tools\MSVC\14.23.28105\include\vector(633): message : see reference to function template instantiation 'void std::_Default_allocator_traits<_Alloc>::construct<_Ty,const float&,const float&>(_Alloc &,_Objty *const ,const float &,const float &)' being compiled
C:\Program Files (x86)\Microsoft Visual Studio\2019\Community\VC\Tools\MSVC\14.23.28105\include\vector(633): message :         with
C:\Program Files (x86)\Microsoft Visual Studio\2019\Community\VC\Tools\MSVC\14.23.28105\include\vector(633): message :         [
C:\Program Files (x86)\Microsoft Visual Studio\2019\Community\VC\Tools\MSVC\14.23.28105\include\vector(633): message :             _Alloc=std::allocator<ClipperLib::IntPoint>,
C:\Program Files (x86)\Microsoft Visual Studio\2019\Community\VC\Tools\MSVC\14.23.28105\include\vector(633): message :             _Ty=ClipperLib::IntPoint,
C:\Program Files (x86)\Microsoft Visual Studio\2019\Community\VC\Tools\MSVC\14.23.28105\include\vector(633): message :             _Objty=ClipperLib::IntPoint
C:\Program Files (x86)\Microsoft Visual Studio\2019\Community\VC\Tools\MSVC\14.23.28105\include\vector(633): message :         ]
C:\Program Files (x86)\Microsoft Visual Studio\2019\Community\VC\Tools\MSVC\14.23.28105\include\vector(638): message : see reference to function template instantiation 'void std::_Default_allocator_traits<_Alloc>::construct<_Ty,const float&,const float&>(_Alloc &,_Objty *const ,const float &,const float &)' being compiled
C:\Program Files (x86)\Microsoft Visual Studio\2019\Community\VC\Tools\MSVC\14.23.28105\include\vector(638): message :         with
C:\Program Files (x86)\Microsoft Visual Studio\2019\Community\VC\Tools\MSVC\14.23.28105\include\vector(638): message :         [
C:\Program Files (x86)\Microsoft Visual Studio\2019\Community\VC\Tools\MSVC\14.23.28105\include\vector(638): message :             _Alloc=std::allocator<ClipperLib::IntPoint>,
C:\Program Files (x86)\Microsoft Visual Studio\2019\Community\VC\Tools\MSVC\14.23.28105\include\vector(638): message :             _Ty=ClipperLib::IntPoint,
C:\Program Files (x86)\Microsoft Visual Studio\2019\Community\VC\Tools\MSVC\14.23.28105\include\vector(638): message :             _Objty=ClipperLib::IntPoint
C:\Program Files (x86)\Microsoft Visual Studio\2019\Community\VC\Tools\MSVC\14.23.28105\include\vector(638): message :         ]
C:\Program Files (x86)\Microsoft Visual Studio\2019\Community\VC\Tools\MSVC\14.23.28105\include\vector(651): message : see reference to function template instantiation 'void std::vector<ClipperLib::IntPoint,std::allocator<_Ty>>::_Emplace_back_with_unused_capacity<const float&,const float&>(const float &,const float &)' being compiled
C:\Program Files (x86)\Microsoft Visual Studio\2019\Community\VC\Tools\MSVC\14.23.28105\include\vector(651): message :         with
C:\Program Files (x86)\Microsoft Visual Studio\2019\Community\VC\Tools\MSVC\14.23.28105\include\vector(651): message :         [
C:\Program Files (x86)\Microsoft Visual Studio\2019\Community\VC\Tools\MSVC\14.23.28105\include\vector(651): message :             _Ty=ClipperLib::IntPoint
C:\Program Files (x86)\Microsoft Visual Studio\2019\Community\VC\Tools\MSVC\14.23.28105\include\vector(651): message :         ]
  clipper.cpp
  Source.cpp
C:\Users\shvui\source\repos\skarner\SDK\Geometry.h(42): message : see reference to function template instantiation 'void std::vector<ClipperLib::IntPoint,std::allocator<_Ty>>::emplace_back<const float&,const float&>(const float &,const float &)' being compiled
C:\Users\shvui\source\repos\skarner\SDK\Geometry.h(42): message :         with
C:\Users\shvui\source\repos\skarner\SDK\Geometry.h(42): message :         [
C:\Users\shvui\source\repos\skarner\SDK\Geometry.h(42): message :             _Ty=ClipperLib::IntPoint
C:\Users\shvui\source\repos\skarner\SDK\Geometry.h(42): message :         ]
C:\Users\shvui\source\repos\skarner\SDK\Geometry.h(27,54): warning C4244: 'argument': conversion from 'const float' to 'ClipperLib::cInt', possible loss of data
C:\Users\shvui\source\repos\skarner\SDK\Geometry.h(27,45): warning C4244: 'argument': conversion from 'const float' to 'ClipperLib::cInt', possible loss of data
C:\Users\shvui\source\repos\skarner\SDK\Geometry.h(33,54): warning C4244: 'argument': conversion from 'const float' to 'ClipperLib::cInt', possible loss of data
C:\Users\shvui\source\repos\skarner\SDK\Geometry.h(33,45): warning C4244: 'argument': conversion from 'const float' to 'ClipperLib::cInt', possible loss of data
C:\Users\shvui\source\repos\skarner\SDK\Geometry.h(124,65): warning C4244: 'argument': conversion from 'double' to 'float', possible loss of data
C:\Users\shvui\source\repos\skarner\SDK\Geometry.h(189,17): warning C4244: 'argument': conversion from 'int' to 'float', possible loss of data
C:\Users\shvui\source\repos\skarner\SDK\Geometry.h(192,17): warning C4244: 'argument': conversion from 'int' to 'float', possible loss of data
C:\Users\shvui\source\repos\skarner\SDK\Geometry.h(195,17): warning C4244: 'argument': conversion from 'int' to 'float', possible loss of data
C:\Users\shvui\source\repos\skarner\SDK\Geometry.h(198,17): warning C4244: 'argument': conversion from 'int' to 'float', possible loss of data
C:\Users\shvui\source\repos\skarner\SDK\Geometry.h(317,23): warning C4018: '<': signed/unsigned mismatch
C:\Users\shvui\source\repos\skarner\SDK\Geometry.h(323,29): warning C4018: '<': signed/unsigned mismatch
C:\Users\shvui\source\repos\skarner\SDK\Geometry.h(337,22): warning C4018: '<': signed/unsigned mismatch
C:\Users\shvui\source\repos\skarner\SDK\Geometry.h(425,17): warning C4244: 'initializing': conversion from 'double' to 'int', possible loss of data
C:\Users\shvui\source\repos\skarner\SDK\Geometry.h(427,22): warning C4018: '<=': signed/unsigned mismatch
C:\Users\shvui\source\repos\skarner\SDK\Geometry.h(434,47): warning C4244: 'argument': conversion from 'int' to 'float', possible loss of data
C:\Users\shvui\source\repos\skarner\SDK\Geometry.h(446,38): warning C4244: 'argument': conversion from 'ClipperLib::cInt' to 'float', possible loss of data
C:\Users\shvui\source\repos\skarner\SDK\Geometry.h(446,29): warning C4244: 'argument': conversion from 'ClipperLib::cInt' to 'float', possible loss of data
C:\Program Files (x86)\Microsoft Visual Studio\2019\Community\VC\Tools\MSVC\14.23.28105\include\xmemory(758,103): warning C4244: 'argument': conversion from 'const float' to 'ClipperLib::cInt', possible loss of data
C:\Program Files (x86)\Microsoft Visual Studio\2019\Community\VC\Tools\MSVC\14.23.28105\include\vector(633): message : see reference to function template instantiation 'void std::_Default_allocator_traits<_Alloc>::construct<_Ty,const float&,const float&>(_Alloc &,_Objty *const ,const float &,const float &)' being compiled
C:\Program Files (x86)\Microsoft Visual Studio\2019\Community\VC\Tools\MSVC\14.23.28105\include\vector(633): message :         with
C:\Program Files (x86)\Microsoft Visual Studio\2019\Community\VC\Tools\MSVC\14.23.28105\include\vector(633): message :         [
C:\Program Files (x86)\Microsoft Visual Studio\2019\Community\VC\Tools\MSVC\14.23.28105\include\vector(633): message :             _Alloc=std::allocator<ClipperLib::IntPoint>,
C:\Program Files (x86)\Microsoft Visual Studio\2019\Community\VC\Tools\MSVC\14.23.28105\include\vector(633): message :             _Ty=ClipperLib::IntPoint,
C:\Program Files (x86)\Microsoft Visual Studio\2019\Community\VC\Tools\MSVC\14.23.28105\include\vector(633): message :             _Objty=ClipperLib::IntPoint
C:\Program Files (x86)\Microsoft Visual Studio\2019\Community\VC\Tools\MSVC\14.23.28105\include\vector(633): message :         ]
C:\Program Files (x86)\Microsoft Visual Studio\2019\Community\VC\Tools\MSVC\14.23.28105\include\vector(638): message : see reference to function template instantiation 'void std::_Default_allocator_traits<_Alloc>::construct<_Ty,const float&,const float&>(_Alloc &,_Objty *const ,const float &,const float &)' being compiled
C:\Program Files (x86)\Microsoft Visual Studio\2019\Community\VC\Tools\MSVC\14.23.28105\include\vector(638): message :         with
C:\Program Files (x86)\Microsoft Visual Studio\2019\Community\VC\Tools\MSVC\14.23.28105\include\vector(638): message :         [
C:\Program Files (x86)\Microsoft Visual Studio\2019\Community\VC\Tools\MSVC\14.23.28105\include\vector(638): message :             _Alloc=std::allocator<ClipperLib::IntPoint>,
C:\Program Files (x86)\Microsoft Visual Studio\2019\Community\VC\Tools\MSVC\14.23.28105\include\vector(638): message :             _Ty=ClipperLib::IntPoint,
C:\Program Files (x86)\Microsoft Visual Studio\2019\Community\VC\Tools\MSVC\14.23.28105\include\vector(638): message :             _Objty=ClipperLib::IntPoint
C:\Program Files (x86)\Microsoft Visual Studio\2019\Community\VC\Tools\MSVC\14.23.28105\include\vector(638): message :         ]
C:\Program Files (x86)\Microsoft Visual Studio\2019\Community\VC\Tools\MSVC\14.23.28105\include\vector(651): message : see reference to function template instantiation 'void std::vector<ClipperLib::IntPoint,std::allocator<_Ty>>::_Emplace_back_with_unused_capacity<const float&,const float&>(const float &,const float &)' being compiled
C:\Program Files (x86)\Microsoft Visual Studio\2019\Community\VC\Tools\MSVC\14.23.28105\include\vector(651): message :         with
C:\Program Files (x86)\Microsoft Visual Studio\2019\Community\VC\Tools\MSVC\14.23.28105\include\vector(651): message :         [
C:\Program Files (x86)\Microsoft Visual Studio\2019\Community\VC\Tools\MSVC\14.23.28105\include\vector(651): message :             _Ty=ClipperLib::IntPoint
C:\Program Files (x86)\Microsoft Visual Studio\2019\Community\VC\Tools\MSVC\14.23.28105\include\vector(651): message :         ]
C:\Users\shvui\source\repos\skarner\SDK\Geometry.h(42): message : see reference to function template instantiation 'void std::vector<ClipperLib::IntPoint,std::allocator<_Ty>>::emplace_back<const float&,const float&>(const float &,const float &)' being compiled
C:\Users\shvui\source\repos\skarner\SDK\Geometry.h(42): message :         with
C:\Users\shvui\source\repos\skarner\SDK\Geometry.h(42): message :         [
C:\Users\shvui\source\repos\skarner\SDK\Geometry.h(42): message :             _Ty=ClipperLib::IntPoint
C:\Users\shvui\source\repos\skarner\SDK\Geometry.h(42): message :         ]
     Creating library ..\..\..\..\Desktop\mini\Plugins\skarner.lib and object ..\..\..\..\Desktop\mini\Plugins\skarner.exp
  Generating code
  1 of 401 functions ( 0.2%) were compiled, the rest were copied from previous compilation.
    0 functions were new in current compilation
    2 functions had inline decision re-evaluated but remain unchanged
  Finished generating code
  skarner.vcxproj -> C:\Users\shvui\source\repos\skarner\skarner\..\..\..\..\Desktop\mini\Plugins\skarner.dll
